<?xml version="1.0" encoding="UTF-8"?>
<!-- Generated by org.testng.reporters.JUnitReportReporter -->
<testsuite skipped="0" hostname="NAWRAK" name="com.project.issue.TestNewIssueOnGH" tests="1" failures="0" timestamp="2021-10-28T21:23:36 CEST" time="13.575" errors="0">
  <testcase name="getTitleTest" time="13.575" classname="com.project.issue.TestNewIssueOnGH"/>
  <system-out/>
</testsuite> <!-- com.project.issue.TestNewIssueOnGH -->
