<?xml version="1.0" encoding="UTF-8"?>
<!-- Generated by org.testng.reporters.JUnitReportReporter -->
<testsuite skipped="0" hostname="NAWRAK" name="com.project.issue.TestNewIssueOnGH" tests="1" failures="0" timestamp="28 paÅº 2021 19:18:36 GMT" time="15.427" errors="0">
  <testcase name="getTitleTest" time="15.427" classname="com.project.issue.TestNewIssueOnGH"/>
</testsuite> <!-- com.project.issue.TestNewIssueOnGH -->
